<?xml version="1.0" encoding="UTF-8"?>
<!-- Generated by org.testng.reporters.JUnitReportReporter -->
<testsuite skipped="0" hostname="DESKTOP-VJ18C00" name="qaclickacademy.SeleniumTest" tests="2" failures="0" timestamp="2020-02-11T11:33:57 BDT" time="0.001" errors="0">
  <testcase name="WebTest2" time="0.001" classname="qaclickacademy.SeleniumTest"/>
  <system-out/>
  <testcase name="WebTest" time="0.000" classname="qaclickacademy.SeleniumTest"/>
  <system-out/>
</testsuite> <!-- qaclickacademy.SeleniumTest -->
