<?xml version="1.0" encoding="UTF-8"?>
<!-- Generated by org.testng.reporters.JUnitReportReporter -->
<testsuite skipped="0" hostname="DESKTOP-VJ18C00" name="qaclickacademy.AppiumTest" tests="2" failures="0" timestamp="2020-02-11T11:33:57 BDT" time="0.007" errors="0">
  <testcase name="MobileTest" time="0.007" classname="qaclickacademy.AppiumTest"/>
  <system-out/>
  <testcase name="MobileTest2" time="0.000" classname="qaclickacademy.AppiumTest"/>
  <system-out/>
</testsuite> <!-- qaclickacademy.AppiumTest -->
