<?xml version="1.0" encoding="UTF-8"?>
<!-- Generated by org.testng.reporters.JUnitReportReporter -->
<testsuite skipped="0" hostname="DESKTOP-VJ18C00" name="qaclickacademy.APITest" tests="2" failures="0" timestamp="2020-02-11T11:33:57 BDT" time="0.002" errors="0">
  <testcase name="APITest2" time="0.001" classname="qaclickacademy.APITest"/>
  <system-out/>
  <testcase name="APITesting" time="0.001" classname="qaclickacademy.APITest"/>
  <system-out/>
</testsuite> <!-- qaclickacademy.APITest -->
